<?xml version="1.0" encoding="UTF-8"?>
<robot generator="Robot 6.1.1 (Python 3.12.0 on darwin)" generated="20231201 22:26:26.047" rpa="false" schemaversion="4">
<suite id="s1" name="Test" source="/Users/abdo/PycharmProjects/pythonProject1/AbdozFramework/Tests/test.robot">
<test id="s1-t1" name="VerifyMovieDetails" line="17">
<kw name="Start App" library="Common" type="SETUP">
<kw name="Open Application" library="AppiumLibrary">
<arg>http://localhost:4723</arg>
<arg>platformName=Android</arg>
<arg>platformVersion=13</arg>
<arg>deviceName=emulator-5554</arg>
<arg>appPackage=com.skydoves.themovies</arg>
<arg>appActivity=com.skydoves.themovies.view.ui.main.MainActivity</arg>
<arg>automationName=Uiautomator2</arg>
<doc>Opens a new application to given Appium server.
Capabilities of appium server, Android and iOS,
Please check https://github.com/appium/appium/blob/master/docs/en/writing-running-appium/server-args.md
| *Option*            | *Man.* | *Description*     |
| remote_url          | Yes    | Appium server url |
| alias               | no     | alias             |
| strict_ssl          | No     | allows you to send commands to an invalid certificate host like a self-signed one. |</doc>
<status status="PASS" starttime="20231201 22:26:26.138" endtime="20231201 22:26:31.614"/>
</kw>
<status status="PASS" starttime="20231201 22:26:26.138" endtime="20231201 22:26:31.615"/>
</kw>
<kw name="Wait Until Element Is Visible" library="AppiumLibrary">
<arg>${FirstMovieTitle}</arg>
<doc>Waits until element specified with `locator` is visible.</doc>
<msg timestamp="20231201 22:26:34.624" level="INFO">xpath criteria: /hierarchy/android.widget.FrameLayout/android.widget.LinearLayout/android.widget.FrameLayout/android.widget.LinearLayout/android.widget.FrameLayout/android.widget.LinearLayout/androidx.viewpager.widget.ViewPager/androidx.recyclerview.widget.RecyclerView/android.widget.RelativeLayout[1]/android.widget.RelativeLayout/android.widget.TextView
xpath criteria: /hierarchy/android.widget.FrameLayout/android.widget.LinearLayout/android.widget.FrameLayout/android.widget.LinearLayout/android.widget.FrameLayout/android.widget.LinearLayout/androidx.viewpager.widget.ViewPager/androidx.recyclerview.widget.RecyclerView/android.widget.RelativeLayout[1]/android.widget.RelativeLayout/android.widget.TextView</msg>
<status status="PASS" starttime="20231201 22:26:31.615" endtime="20231201 22:26:34.624"/>
</kw>
<kw name="Get Text" library="AppiumLibrary">
<var>${Moviename}</var>
<arg>${FirstMovieTitle}</arg>
<doc>Get element text (for hybrid and mobile browser use `xpath` locator, others might cause problem)</doc>
<msg timestamp="20231201 22:26:34.714" level="INFO">Element 'xpath=/hierarchy/android.widget.FrameLayout/android.widget.LinearLayout/android.widget.FrameLayout/android.widget.LinearLayout/android.widget.FrameLayout/android.widget.LinearLayout/androidx.viewpager.widget.ViewPager/androidx.recyclerview.widget.RecyclerView/android.widget.RelativeLayout[1]/android.widget.RelativeLayout/android.widget.TextView' text is 'Dragon Ball: Mystical Adventure' </msg>
<msg timestamp="20231201 22:26:34.714" level="INFO">xpath criteria: /hierarchy/android.widget.FrameLayout/android.widget.LinearLayout/android.widget.FrameLayout/android.widget.LinearLayout/android.widget.FrameLayout/android.widget.LinearLayout/androidx.viewpager.widget.ViewPager/androidx.recyclerview.widget.RecyclerView/android.widget.RelativeLayout[1]/android.widget.RelativeLayout/android.widget.TextView</msg>
<msg timestamp="20231201 22:26:34.714" level="INFO">${Moviename} = Dragon Ball: Mystical Adventure</msg>
<status status="PASS" starttime="20231201 22:26:34.624" endtime="20231201 22:26:34.714"/>
</kw>
<kw name="SelectFirstMovie" library="MoviesPOM">
<kw name="Click Element" library="AppiumLibrary">
<arg>${FirstMovieImage}</arg>
<doc>Click element identified by `locator`.</doc>
<msg timestamp="20231201 22:26:34.717" level="INFO">Clicking element 'xpath=/hierarchy/android.widget.FrameLayout/android.widget.LinearLayout/android.widget.FrameLayout/android.widget.LinearLayout/android.widget.FrameLayout/android.widget.LinearLayout/androidx.viewpager.widget.ViewPager/androidx.recyclerview.widget.RecyclerView/android.widget.RelativeLayout[1]/android.widget.ImageView'.</msg>
<msg timestamp="20231201 22:26:34.910" level="INFO">xpath criteria: /hierarchy/android.widget.FrameLayout/android.widget.LinearLayout/android.widget.FrameLayout/android.widget.LinearLayout/android.widget.FrameLayout/android.widget.LinearLayout/androidx.viewpager.widget.ViewPager/androidx.recyclerview.widget.RecyclerView/android.widget.RelativeLayout[1]/android.widget.ImageView</msg>
<status status="PASS" starttime="20231201 22:26:34.715" endtime="20231201 22:26:34.910"/>
</kw>
<status status="PASS" starttime="20231201 22:26:34.714" endtime="20231201 22:26:34.910"/>
</kw>
<kw name="VerifyInDetailsPage" library="MovieDetailsPOM">
<kw name="Wait Until Element Is Visible" library="AppiumLibrary">
<arg>${MovieName}</arg>
<doc>Waits until element specified with `locator` is visible.</doc>
<msg timestamp="20231201 22:26:39.318" level="INFO">criteria is com.skydoves.themovies:id/detail_header_title
criteria is com.skydoves.themovies:id/detail_header_title</msg>
<status status="PASS" starttime="20231201 22:26:34.911" endtime="20231201 22:26:39.319"/>
</kw>
<status status="PASS" starttime="20231201 22:26:34.910" endtime="20231201 22:26:39.319"/>
</kw>
<kw name="VerifyMovieName" library="MovieDetailsPOM">
<arg>${MovieName}</arg>
<kw name="Element Text Should Be" library="AppiumLibrary">
<arg>${MovieName}</arg>
<arg>${OutsideMovieName}</arg>
<doc>Verifies element identified by ``locator`` exactly contains text ``expected``.</doc>
<msg timestamp="20231201 22:26:39.325" level="INFO">Verifying element 'id=com.skydoves.themovies:id/detail_header_title' contains exactly text 'Dragon Ball: Mystical Adventure'.</msg>
<msg timestamp="20231201 22:26:39.403" level="INFO">criteria is com.skydoves.themovies:id/detail_header_title</msg>
<status status="PASS" starttime="20231201 22:26:39.319" endtime="20231201 22:26:39.403"/>
</kw>
<status status="PASS" starttime="20231201 22:26:39.319" endtime="20231201 22:26:39.403"/>
</kw>
<kw name="Close All Applications" library="AppiumLibrary" type="TEARDOWN">
<doc>Closes all open applications.</doc>
<status status="PASS" starttime="20231201 22:26:39.404" endtime="20231201 22:26:39.851"/>
</kw>
<status status="PASS" starttime="20231201 22:26:26.138" endtime="20231201 22:26:39.852"/>
</test>
<test id="s1-t2" name="VerifyNavigation" line="24">
<kw name="Start App" library="Common" type="SETUP">
<kw name="Open Application" library="AppiumLibrary">
<arg>http://localhost:4723</arg>
<arg>platformName=Android</arg>
<arg>platformVersion=13</arg>
<arg>deviceName=emulator-5554</arg>
<arg>appPackage=com.skydoves.themovies</arg>
<arg>appActivity=com.skydoves.themovies.view.ui.main.MainActivity</arg>
<arg>automationName=Uiautomator2</arg>
<doc>Opens a new application to given Appium server.
Capabilities of appium server, Android and iOS,
Please check https://github.com/appium/appium/blob/master/docs/en/writing-running-appium/server-args.md
| *Option*            | *Man.* | *Description*     |
| remote_url          | Yes    | Appium server url |
| alias               | no     | alias             |
| strict_ssl          | No     | allows you to send commands to an invalid certificate host like a self-signed one. |</doc>
<status status="PASS" starttime="20231201 22:26:39.854" endtime="20231201 22:26:46.082"/>
</kw>
<status status="PASS" starttime="20231201 22:26:39.853" endtime="20231201 22:26:46.083"/>
</kw>
<kw name="VerifyInMoviesPage" library="NavigationBar">
<kw name="Element Attribute Should Match" library="AppiumLibrary">
<arg>${MoviesTab}</arg>
<arg>Selected</arg>
<arg>True</arg>
<doc>Verify that an attribute of an element matches the expected criteria.</doc>
<msg timestamp="20231201 22:26:46.661" level="INFO">Element 'id=com.skydoves.themovies:id/action_one' attribute 'Selected' is 'True' </msg>
<msg timestamp="20231201 22:26:46.661" level="INFO">criteria is com.skydoves.themovies:id/action_one</msg>
<status status="PASS" starttime="20231201 22:26:46.088" endtime="20231201 22:26:46.661"/>
</kw>
<status status="PASS" starttime="20231201 22:26:46.085" endtime="20231201 22:26:46.661"/>
</kw>
<kw name="SwipeLeftToRight" library="Common">
<kw name="Swipe By Percent" library="AppiumLibrary">
<arg>90</arg>
<arg>50</arg>
<arg>10</arg>
<arg>50</arg>
<doc>Swipe from one percent of the screen to another percent, for an optional duration.
Normal swipe fails to scale for different screen resolutions, this can be avoided using percent.</doc>
<status status="PASS" starttime="20231201 22:26:46.662" endtime="20231201 22:26:48.005"/>
</kw>
<status status="PASS" starttime="20231201 22:26:46.661" endtime="20231201 22:26:48.005"/>
</kw>
<kw name="VerifyInSeriesPage" library="NavigationBar">
<kw name="Element Attribute Should Match" library="AppiumLibrary">
<arg>${SeriesTab}</arg>
<arg>Selected</arg>
<arg>True</arg>
<doc>Verify that an attribute of an element matches the expected criteria.</doc>
<msg timestamp="20231201 22:26:49.010" level="INFO">Element 'id=com.skydoves.themovies:id/action_two' attribute 'Selected' is 'True' </msg>
<msg timestamp="20231201 22:26:49.010" level="INFO">criteria is com.skydoves.themovies:id/action_two</msg>
<status status="PASS" starttime="20231201 22:26:48.005" endtime="20231201 22:26:49.010"/>
</kw>
<status status="PASS" starttime="20231201 22:26:48.005" endtime="20231201 22:26:49.010"/>
</kw>
<kw name="SwipeLeftToRight" library="Common">
<kw name="Swipe By Percent" library="AppiumLibrary">
<arg>90</arg>
<arg>50</arg>
<arg>10</arg>
<arg>50</arg>
<doc>Swipe from one percent of the screen to another percent, for an optional duration.
Normal swipe fails to scale for different screen resolutions, this can be avoided using percent.</doc>
<status status="PASS" starttime="20231201 22:26:49.011" endtime="20231201 22:26:50.362"/>
</kw>
<status status="PASS" starttime="20231201 22:26:49.010" endtime="20231201 22:26:50.362"/>
</kw>
<kw name="VerifyInStarsPage" library="NavigationBar">
<kw name="Element Attribute Should Match" library="AppiumLibrary">
<arg>${StarsTab}</arg>
<arg>Selected</arg>
<arg>True</arg>
<doc>Verify that an attribute of an element matches the expected criteria.</doc>
<msg timestamp="20231201 22:26:51.295" level="INFO">Element 'id=com.skydoves.themovies:id/action_three' attribute 'Selected' is 'True' </msg>
<msg timestamp="20231201 22:26:51.295" level="INFO">criteria is com.skydoves.themovies:id/action_three</msg>
<status status="PASS" starttime="20231201 22:26:50.364" endtime="20231201 22:26:51.295"/>
</kw>
<status status="PASS" starttime="20231201 22:26:50.363" endtime="20231201 22:26:51.295"/>
</kw>
<kw name="Close All Applications" library="AppiumLibrary" type="TEARDOWN">
<doc>Closes all open applications.</doc>
<status status="PASS" starttime="20231201 22:26:51.296" endtime="20231201 22:26:51.690"/>
</kw>
<status status="PASS" starttime="20231201 22:26:39.852" endtime="20231201 22:26:51.690"/>
</test>
<status status="PASS" starttime="20231201 22:26:26.048" endtime="20231201 22:26:51.692"/>
</suite>
<statistics>
<total>
<stat pass="2" fail="0" skip="0">All Tests</stat>
</total>
<tag>
</tag>
<suite>
<stat pass="2" fail="0" skip="0" id="s1" name="Test">Test</stat>
</suite>
</statistics>
<errors>
</errors>
</robot>
