<?xml version="1.0" encoding="UTF-8"?>
<robot generator="Robot 6.1.1 (Python 3.12.0 on darwin)" generated="20231201 22:36:21.457" rpa="false" schemaversion="4">
<suite id="s1" name="Test" source="/Users/abdo/Desktop/untitled folder 3/YassirTask/AbdozFramework/Tests/test.robot">
<test id="s1-t1" name="VerifyMovieDetails" line="17">
<kw name="Start App" library="Common" type="SETUP">
<kw name="Open Application" library="AppiumLibrary">
<arg>http://localhost:4723</arg>
<arg>platformName=Android</arg>
<arg>platformVersion=13</arg>
<arg>deviceName=emulator-5554</arg>
<arg>appPackage=com.skydoves.themovies</arg>
<arg>appActivity=com.skydoves.themovies.view.ui.main.MainActivity</arg>
<arg>automationName=Uiautomator2</arg>
<doc>Opens a new application to given Appium server.
Capabilities of appium server, Android and iOS,
Please check https://github.com/appium/appium/blob/master/docs/en/writing-running-appium/server-args.md
| *Option*            | *Man.* | *Description*     |
| remote_url          | Yes    | Appium server url |
| alias               | no     | alias             |
| strict_ssl          | No     | allows you to send commands to an invalid certificate host like a self-signed one. |</doc>
<status status="PASS" starttime="20231201 22:36:21.532" endtime="20231201 22:36:27.406"/>
</kw>
<status status="PASS" starttime="20231201 22:36:21.532" endtime="20231201 22:36:27.407"/>
</kw>
<kw name="Wait Until Element Is Visible" library="AppiumLibrary">
<arg>${FirstMovieTitle}</arg>
<doc>Waits until element specified with `locator` is visible.</doc>
<msg timestamp="20231201 22:36:29.380" level="INFO">xpath criteria: /hierarchy/android.widget.FrameLayout/android.widget.LinearLayout/android.widget.FrameLayout/android.widget.LinearLayout/android.widget.FrameLayout/android.widget.LinearLayout/androidx.viewpager.widget.ViewPager/androidx.recyclerview.widget.RecyclerView/android.widget.RelativeLayout[1]/android.widget.RelativeLayout/android.widget.TextView
xpath criteria: /hierarchy/android.widget.FrameLayout/android.widget.LinearLayout/android.widget.FrameLayout/android.widget.LinearLayout/android.widget.FrameLayout/android.widget.LinearLayout/androidx.viewpager.widget.ViewPager/androidx.recyclerview.widget.RecyclerView/android.widget.RelativeLayout[1]/android.widget.RelativeLayout/android.widget.TextView</msg>
<status status="PASS" starttime="20231201 22:36:27.407" endtime="20231201 22:36:29.380"/>
</kw>
<kw name="Get Text" library="AppiumLibrary">
<var>${Moviename}</var>
<arg>${FirstMovieTitle}</arg>
<doc>Get element text (for hybrid and mobile browser use `xpath` locator, others might cause problem)</doc>
<msg timestamp="20231201 22:36:29.443" level="INFO">Element 'xpath=/hierarchy/android.widget.FrameLayout/android.widget.LinearLayout/android.widget.FrameLayout/android.widget.LinearLayout/android.widget.FrameLayout/android.widget.LinearLayout/androidx.viewpager.widget.ViewPager/androidx.recyclerview.widget.RecyclerView/android.widget.RelativeLayout[1]/android.widget.RelativeLayout/android.widget.TextView' text is 'Dragon Ball: Mystical Adventure' </msg>
<msg timestamp="20231201 22:36:29.443" level="INFO">xpath criteria: /hierarchy/android.widget.FrameLayout/android.widget.LinearLayout/android.widget.FrameLayout/android.widget.LinearLayout/android.widget.FrameLayout/android.widget.LinearLayout/androidx.viewpager.widget.ViewPager/androidx.recyclerview.widget.RecyclerView/android.widget.RelativeLayout[1]/android.widget.RelativeLayout/android.widget.TextView</msg>
<msg timestamp="20231201 22:36:29.443" level="INFO">${Moviename} = Dragon Ball: Mystical Adventure</msg>
<status status="PASS" starttime="20231201 22:36:29.381" endtime="20231201 22:36:29.443"/>
</kw>
<kw name="SelectFirstMovie" library="MoviesPOM">
<kw name="Click Element" library="AppiumLibrary">
<arg>${FirstMovieImage}</arg>
<doc>Click element identified by `locator`.</doc>
<msg timestamp="20231201 22:36:29.449" level="INFO">Clicking element 'xpath=/hierarchy/android.widget.FrameLayout/android.widget.LinearLayout/android.widget.FrameLayout/android.widget.LinearLayout/android.widget.FrameLayout/android.widget.LinearLayout/androidx.viewpager.widget.ViewPager/androidx.recyclerview.widget.RecyclerView/android.widget.RelativeLayout[1]/android.widget.ImageView'.</msg>
<msg timestamp="20231201 22:36:29.554" level="INFO">xpath criteria: /hierarchy/android.widget.FrameLayout/android.widget.LinearLayout/android.widget.FrameLayout/android.widget.LinearLayout/android.widget.FrameLayout/android.widget.LinearLayout/androidx.viewpager.widget.ViewPager/androidx.recyclerview.widget.RecyclerView/android.widget.RelativeLayout[1]/android.widget.ImageView</msg>
<status status="PASS" starttime="20231201 22:36:29.444" endtime="20231201 22:36:29.554"/>
</kw>
<status status="PASS" starttime="20231201 22:36:29.444" endtime="20231201 22:36:29.554"/>
</kw>
<kw name="VerifyInDetailsPage" library="MovieDetailsPOM">
<kw name="Wait Until Element Is Visible" library="AppiumLibrary">
<arg>${MovieName}</arg>
<doc>Waits until element specified with `locator` is visible.</doc>
<msg timestamp="20231201 22:36:30.821" level="INFO">criteria is com.skydoves.themovies:id/detail_header_title
criteria is com.skydoves.themovies:id/detail_header_title</msg>
<status status="PASS" starttime="20231201 22:36:29.555" endtime="20231201 22:36:30.821"/>
</kw>
<status status="PASS" starttime="20231201 22:36:29.555" endtime="20231201 22:36:30.821"/>
</kw>
<kw name="VerifyMovieName" library="MovieDetailsPOM">
<arg>${MovieName}</arg>
<kw name="Element Text Should Be" library="AppiumLibrary">
<arg>${MovieName}</arg>
<arg>${OutsideMovieName}</arg>
<doc>Verifies element identified by ``locator`` exactly contains text ``expected``.</doc>
<msg timestamp="20231201 22:36:30.825" level="INFO">Verifying element 'id=com.skydoves.themovies:id/detail_header_title' contains exactly text 'Dragon Ball: Mystical Adventure'.</msg>
<msg timestamp="20231201 22:36:30.864" level="INFO">criteria is com.skydoves.themovies:id/detail_header_title</msg>
<status status="PASS" starttime="20231201 22:36:30.822" endtime="20231201 22:36:30.864"/>
</kw>
<status status="PASS" starttime="20231201 22:36:30.821" endtime="20231201 22:36:30.865"/>
</kw>
<kw name="Close All Applications" library="AppiumLibrary" type="TEARDOWN">
<doc>Closes all open applications.</doc>
<status status="PASS" starttime="20231201 22:36:30.866" endtime="20231201 22:36:31.067"/>
</kw>
<status status="PASS" starttime="20231201 22:36:21.532" endtime="20231201 22:36:31.067"/>
</test>
<test id="s1-t2" name="VerifyNavigation" line="24">
<kw name="Start App" library="Common" type="SETUP">
<kw name="Open Application" library="AppiumLibrary">
<arg>http://localhost:4723</arg>
<arg>platformName=Android</arg>
<arg>platformVersion=13</arg>
<arg>deviceName=emulator-5554</arg>
<arg>appPackage=com.skydoves.themovies</arg>
<arg>appActivity=com.skydoves.themovies.view.ui.main.MainActivity</arg>
<arg>automationName=Uiautomator2</arg>
<doc>Opens a new application to given Appium server.
Capabilities of appium server, Android and iOS,
Please check https://github.com/appium/appium/blob/master/docs/en/writing-running-appium/server-args.md
| *Option*            | *Man.* | *Description*     |
| remote_url          | Yes    | Appium server url |
| alias               | no     | alias             |
| strict_ssl          | No     | allows you to send commands to an invalid certificate host like a self-signed one. |</doc>
<status status="PASS" starttime="20231201 22:36:31.069" endtime="20231201 22:36:34.781"/>
</kw>
<status status="PASS" starttime="20231201 22:36:31.068" endtime="20231201 22:36:34.781"/>
</kw>
<kw name="VerifyInMoviesPage" library="NavigationBar">
<kw name="Element Attribute Should Match" library="AppiumLibrary">
<arg>${MoviesTab}</arg>
<arg>Selected</arg>
<arg>True</arg>
<doc>Verify that an attribute of an element matches the expected criteria.</doc>
<msg timestamp="20231201 22:36:34.923" level="INFO">Element 'id=com.skydoves.themovies:id/action_one' attribute 'Selected' is 'True' </msg>
<msg timestamp="20231201 22:36:34.924" level="INFO">criteria is com.skydoves.themovies:id/action_one</msg>
<status status="PASS" starttime="20231201 22:36:34.781" endtime="20231201 22:36:34.924"/>
</kw>
<status status="PASS" starttime="20231201 22:36:34.781" endtime="20231201 22:36:34.924"/>
</kw>
<kw name="SwipeLeftToRight" library="Common">
<kw name="Swipe By Percent" library="AppiumLibrary">
<arg>90</arg>
<arg>50</arg>
<arg>10</arg>
<arg>50</arg>
<doc>Swipe from one percent of the screen to another percent, for an optional duration.
Normal swipe fails to scale for different screen resolutions, this can be avoided using percent.</doc>
<status status="PASS" starttime="20231201 22:36:34.925" endtime="20231201 22:36:36.262"/>
</kw>
<status status="PASS" starttime="20231201 22:36:34.924" endtime="20231201 22:36:36.262"/>
</kw>
<kw name="VerifyInSeriesPage" library="NavigationBar">
<kw name="Element Attribute Should Match" library="AppiumLibrary">
<arg>${SeriesTab}</arg>
<arg>Selected</arg>
<arg>True</arg>
<doc>Verify that an attribute of an element matches the expected criteria.</doc>
<msg timestamp="20231201 22:36:37.369" level="INFO">Element 'id=com.skydoves.themovies:id/action_two' attribute 'Selected' is 'True' </msg>
<msg timestamp="20231201 22:36:37.369" level="INFO">criteria is com.skydoves.themovies:id/action_two</msg>
<status status="PASS" starttime="20231201 22:36:36.263" endtime="20231201 22:36:37.369"/>
</kw>
<status status="PASS" starttime="20231201 22:36:36.262" endtime="20231201 22:36:37.369"/>
</kw>
<kw name="SwipeLeftToRight" library="Common">
<kw name="Swipe By Percent" library="AppiumLibrary">
<arg>90</arg>
<arg>50</arg>
<arg>10</arg>
<arg>50</arg>
<doc>Swipe from one percent of the screen to another percent, for an optional duration.
Normal swipe fails to scale for different screen resolutions, this can be avoided using percent.</doc>
<status status="PASS" starttime="20231201 22:36:37.370" endtime="20231201 22:36:38.706"/>
</kw>
<status status="PASS" starttime="20231201 22:36:37.369" endtime="20231201 22:36:38.706"/>
</kw>
<kw name="VerifyInStarsPage" library="NavigationBar">
<kw name="Element Attribute Should Match" library="AppiumLibrary">
<arg>${StarsTab}</arg>
<arg>Selected</arg>
<arg>True</arg>
<doc>Verify that an attribute of an element matches the expected criteria.</doc>
<msg timestamp="20231201 22:36:39.683" level="INFO">Element 'id=com.skydoves.themovies:id/action_three' attribute 'Selected' is 'True' </msg>
<msg timestamp="20231201 22:36:39.683" level="INFO">criteria is com.skydoves.themovies:id/action_three</msg>
<status status="PASS" starttime="20231201 22:36:38.708" endtime="20231201 22:36:39.683"/>
</kw>
<status status="PASS" starttime="20231201 22:36:38.706" endtime="20231201 22:36:39.683"/>
</kw>
<kw name="Close All Applications" library="AppiumLibrary" type="TEARDOWN">
<doc>Closes all open applications.</doc>
<status status="PASS" starttime="20231201 22:36:39.683" endtime="20231201 22:36:39.869"/>
</kw>
<status status="PASS" starttime="20231201 22:36:31.068" endtime="20231201 22:36:39.870"/>
</test>
<status status="PASS" starttime="20231201 22:36:21.457" endtime="20231201 22:36:39.871"/>
</suite>
<statistics>
<total>
<stat pass="2" fail="0" skip="0">All Tests</stat>
</total>
<tag>
</tag>
<suite>
<stat pass="2" fail="0" skip="0" id="s1" name="Test">Test</stat>
</suite>
</statistics>
<errors>
</errors>
</robot>
